\BOOKMARK [0][-]{chapter.1}{\376\377\000T\000h\000e\000\040\000I\000M\000F\000\040\000o\000f\000\040\000Y\000M\000C\000s\000\040\000i\000n\000\040\000t\000h\000e\000\040\000G\000C\000\040\000u\000s\000i\000n\000g\000\040\000t\000h\000e\000\040\000E\000L\000T\000\040\000a\000n\000d\000\040\000a\000s\000t\000r\000o\000m\000e\000t\000r\000y}{}% 1
\BOOKMARK [1][-]{section.1.1}{\376\377\000G\000o\000a\000l\000s}{chapter.1}% 2
\BOOKMARK [1][-]{section.1.2}{\376\377\000B\000a\000c\000k\000g\000r\000o\000u\000n\000d}{chapter.1}% 3
\BOOKMARK [2][-]{subsection.1.2.1}{\376\377\000I\000M\000F\000:\000\040\000I\000n\000i\000t\000i\000a\000l\000\040\000M\000a\000s\000s\000\040\000F\000u\000n\000c\000t\000i\000o\000n}{section.1.2}% 4
\BOOKMARK [2][-]{subsection.1.2.2}{\376\377\000Y\000M\000C\000:\000\040\000Y\000o\000u\000n\000g\000\040\000M\000a\000s\000s\000i\000v\000e\000\040\000C\000l\000u\000s\000t\000e\000r\000s}{section.1.2}% 5
\BOOKMARK [2][-]{subsection.1.2.3}{\376\377\000G\000C\000:\000\040\000G\000a\000l\000a\000c\000t\000i\000c\000\040\000C\000e\000n\000t\000r\000e}{section.1.2}% 6
\BOOKMARK [2][-]{subsection.1.2.4}{\376\377\000E\000L\000T\000:\000\040\000T\000h\000e\000\040\000E\000x\000t\000r\000e\000m\000e\000l\000y\000\040\000L\000a\000r\000g\000e\000\040\000T\000e\000l\000e\000s\000c\000o\000p\000e}{section.1.2}% 7
\BOOKMARK [2][-]{subsection.1.2.5}{\376\377\000A\000s\000t\000r\000o\000m\000e\000t\000r\000y\000:\000\040\000D\000e\000t\000e\000c\000t\000a\000b\000l\000e\000\040\000m\000o\000v\000e\000m\000e\000n\000t\000s\000\040\000o\000f\000\040\000s\000t\000a\000r\000s\000\040\000o\000v\000e\000r\000\040\000t\000i\000m\000e}{section.1.2}% 8
\BOOKMARK [0][-]{chapter.2}{\376\377\000T\000a\000s\000k\000s}{}% 9
\BOOKMARK [1][-]{section.2.1}{\376\377\000O\000b\000s\000e\000r\000v\000a\000t\000i\000o\000n\000s}{chapter.2}% 10
\BOOKMARK [1][-]{section.2.2}{\376\377\000D\000a\000t\000a\000\040\000R\000e\000d\000u\000c\000t\000i\000o\000n}{chapter.2}% 11
\BOOKMARK [1][-]{section.2.3}{\376\377\000A\000n\000a\000l\000y\000s\000i\000s}{chapter.2}% 12
\BOOKMARK [1][-]{section.2.4}{\376\377\000N\000o\000t\000e\000s}{chapter.2}% 13
\BOOKMARK [2][-]{subsection.2.4.1}{\376\377\000W\000h\000a\000t\000\040\000w\000e\000\040\000n\000e\000e\000d\000\040\000t\000o\000\040\000s\000i\000m\000u\000l\000a\000t\000e\000\040\000o\000b\000s\000e\000r\000v\000a\000t\000i\000o\000n\000s}{section.2.4}% 14
\BOOKMARK [0][-]{chapter.3}{\376\377\000I\000n\000i\000t\000i\000a\000l\000\040\000c\000o\000n\000d\000i\000t\000i\000o\000n\000s\000\040\000f\000o\000r\000\040\000M\000i\000l\000k\000y\000\040\000W\000a\000y\000\040\000C\000l\000u\000s\000t\000e\000r\000s}{}% 15
\BOOKMARK [1][-]{section.3.1}{\376\377\000L\000i\000s\000t\000\040\000o\000f\000\040\000c\000l\000u\000s\000t\000e\000r\000\040\000p\000r\000o\000p\000e\000r\000t\000i\000e\000s\000\040\000f\000r\000o\000m\000\040\000P\000i\000s\000k\000u\000n\000o\000v\000+\0000\0007}{chapter.3}% 16
\BOOKMARK [2][-]{subsection.3.1.1}{\376\377\000M\000a\000s\000s}{section.3.1}% 17
\BOOKMARK [2][-]{subsection.3.1.2}{\376\377\000S\000i\000z\000e}{section.3.1}% 18
\BOOKMARK [2][-]{subsection.3.1.3}{\376\377\000A\000g\000e}{section.3.1}% 19
\BOOKMARK [2][-]{subsection.3.1.4}{\376\377\000D\000i\000s\000t\000a\000n\000c\000e}{section.3.1}% 20
\BOOKMARK [1][-]{section.3.2}{\376\377\000P\000o\000s\000s\000i\000b\000l\000e\000\040\000s\000t\000a\000r\000t\000e\000r\000\040\000c\000l\000u\000s\000t\000e\000r\000s}{chapter.3}% 21
\BOOKMARK [2][-]{subsection.3.2.1}{\376\377\000N\000G\000C\000\040\0002\0002\0004\0004}{section.3.2}% 22
\BOOKMARK [2][-]{subsection.3.2.2}{\376\377\000N\000G\000C\000\040\0006\0006\0001\0001}{section.3.2}% 23
\BOOKMARK [0][-]{chapter.4}{\376\377\000A\000b\000s\000t\000r\000a\000c\000t}{}% 24
\BOOKMARK [0][-]{chapter.5}{\376\377\000A\000c\000k\000n\000o\000w\000l\000e\000d\000g\000e\000m\000e\000n\000t}{}% 25
\BOOKMARK [0][-]{chapter.6}{\376\377\000I\000n\000t\000r\000o\000d\000u\000c\000t\000i\000o\000n}{}% 26
\BOOKMARK [0][-]{chapter.7}{\376\377\000G\000a\000l\000a\000c\000t\000i\000c\000\040\000P\000o\000t\000e\000n\000t\000i\000a\000l}{}% 27
\BOOKMARK [1][-]{section.7.1}{\376\377\000C\000i\000r\000c\000u\000l\000a\000r\000\040\000V\000e\000l\000o\000c\000i\000t\000y}{chapter.7}% 28
\BOOKMARK [1][-]{section.7.2}{\376\377\000A\000n\000g\000u\000l\000a\000r\000\040\000V\000e\000l\000o\000c\000i\000t\000y}{chapter.7}% 29
\BOOKMARK [1][-]{section.7.3}{\376\377\000M\000a\000s\000s\000\040\000D\000i\000s\000t\000r\000i\000b\000u\000t\000i\000o\000n}{chapter.7}% 30
\BOOKMARK [1][-]{section.7.4}{\376\377\000S\000u\000r\000f\000a\000c\000e\000\040\000M\000a\000s\000s\000\040\000D\000e\000n\000s\000i\000t\000y}{chapter.7}% 31
\BOOKMARK [0][-]{chapter.8}{\376\377\000I\000n\000i\000t\000i\000a\000l\000i\000z\000a\000t\000i\000o\000n}{}% 32
\BOOKMARK [1][-]{section.8.1}{\376\377\000S\000a\000m\000p\000l\000i\000n\000g\000\040\000d\000i\000s\000t\000r\000i\000b\000u\000t\000i\000o\000n\000\040\000f\000u\000n\000c\000t\000i\000o\000n\000s}{chapter.8}% 33
\BOOKMARK [2][-]{subsection.8.1.1}{\376\377\000R\000e\000j\000e\000c\000t\000i\000o\000n\000\040\000s\000a\000m\000p\000l\000i\000n\000g}{section.8.1}% 34
\BOOKMARK [2][-]{subsection.8.1.2}{\376\377\000I\000n\000v\000e\000r\000s\000e\000\040\000t\000r\000a\000n\000s\000f\000o\000r\000m\000\040\000s\000a\000m\000p\000l\000i\000n\000g}{section.8.1}% 35
\BOOKMARK [1][-]{section.8.2}{\376\377\000C\000l\000u\000s\000t\000e\000r}{chapter.8}% 36
\BOOKMARK [1][-]{section.8.3}{\376\377\000I\000n\000i\000t\000i\000a\000l\000\040\000M\000a\000s\000s\000\040\000F\000u\000n\000c\000t\000i\000o\000n\000\040\000\050\000I\000M\000F\000\051}{chapter.8}% 37
\BOOKMARK [2][-]{subsection.8.3.1}{\376\377\000S\000a\000l\000p\000e\000t\000e\000r\000\040\000I\000M\000F}{section.8.3}% 38
\BOOKMARK [2][-]{subsection.8.3.2}{\376\377\000B\000r\000o\000k\000e\000n\000\040\000P\000o\000w\000e\000r\000\040\000L\000a\000w\000\040\000\050\000B\000P\000L\000\051}{section.8.3}% 39
\BOOKMARK [1][-]{section.8.4}{\376\377\000D\000e\000n\000s\000i\000t\000y\000\040\000P\000r\000o\000f\000i\000l\000e}{chapter.8}% 40
\BOOKMARK [1][-]{section.8.5}{\376\377\000F\000i\000e\000l\000d\000\040\000S\000t\000a\000r\000s\000\040\000\050\000F\000S\000\051}{chapter.8}% 41
\BOOKMARK [2][-]{subsection.8.5.1}{\376\377\000B\000u\000l\000g\000e\000\040\000S\000t\000e\000l\000l\000a\000r\000\040\000M\000a\000s\000s\000\040\000F\000u\000n\000c\000t\000i\000o\000n}{section.8.5}% 42
\BOOKMARK [2][-]{subsection.8.5.2}{\376\377\000D\000i\000s\000k\000\040\000S\000t\000e\000l\000l\000a\000r\000\040\000M\000a\000s\000s\000\040\000F\000u\000n\000c\000t\000i\000o\000n}{section.8.5}% 43
\BOOKMARK [1][-]{section.8.6}{\376\377\000P\000o\000s\000i\000t\000i\000o\000n\000s}{chapter.8}% 44
\BOOKMARK [1][-]{section.8.7}{\376\377\000V\000e\000l\000o\000c\000i\000t\000i\000e\000s}{chapter.8}% 45
\BOOKMARK [2][-]{subsection.8.7.1}{\376\377\000P\000a\000r\000t\000i\000c\000l\000e\000\040\000K\000i\000n\000e\000m\000a\000t\000i\000c\000s\000\040\000i\000n\000\040\000C\000y\000l\000i\000n\000d\000r\000i\000c\000a\000l\000\040\000C\000o\000o\000r\000d\000i\000n\000a\000t\000e\000s}{section.8.7}% 46
\BOOKMARK [3][-]{subsubsection*.3}{\376\377\000L\000a\000g\000r\000a\000n\000g\000i\000a\000n\000\040\000w\000i\000t\000h\000\040\000a\000x\000i\000s\000y\000m\000m\000e\000t\000r\000i\000c\000\040\000p\000o\000t\000e\000n\000t\000i\000a\000l}{subsection.8.7.1}% 47
\BOOKMARK [3][-]{subsubsection*.4}{\376\377\000H\000a\000m\000i\000l\000t\000o\000n\000i\000a\000n\000\040\000w\000i\000t\000h\000\040\000a\000x\000i\000s\000y\000m\000m\000e\000t\000r\000i\000c\000\040\000p\000o\000t\000e\000n\000t\000i\000a\000l}{subsection.8.7.1}% 48
\BOOKMARK [2][-]{subsection.8.7.2}{\376\377\000T\000h\000e\000\040\000p\000h\000a\000s\000e\000\040\000s\000p\000a\000c\000e\000\040\000d\000i\000s\000t\000r\000i\000b\000u\000t\000i\000o\000n\000\040\000f\000u\000n\000c\000t\000i\000o\000n\000\040\000\050\000D\000F\000\051}{section.8.7}% 49
\BOOKMARK [2][-]{subsection.8.7.3}{\376\377\000J\000e\000a\000n\000s\000\040\000e\000q\000u\000a\000t\000i\000o\000n\000s}{section.8.7}% 50
\BOOKMARK [2][-]{subsection.8.7.4}{\376\377\000T\000h\000e\000\040\000E\000p\000i\000c\000y\000c\000l\000i\000c\000\040\000A\000p\000p\000r\000o\000x\000i\000m\000a\000t\000i\000o\000n}{section.8.7}% 51
\BOOKMARK [2][-]{subsection.8.7.5}{\376\377\000D\000i\000s\000k}{section.8.7}% 52
\BOOKMARK [2][-]{subsection.8.7.6}{\376\377\000B\000u\000l\000g\000e}{section.8.7}% 53
\BOOKMARK [0][-]{chapter.9}{\376\377\000I\000n\000t\000e\000g\000r\000a\000t\000i\000o\000n}{}% 54
\BOOKMARK [1][-]{section.9.1}{\376\377\000Q\000u\000a\000d\000r\000a\000t\000u\000r\000e\000,\000\040\000A\000d\000a\000p\000t\000i\000v\000e\000,\000\040\000G\000e\000n\000e\000r\000a\000l\000-\000p\000u\000r\000p\000o\000s\000e\000\040\000\050\000Q\000A\000G\000\051}{chapter.9}% 55
\BOOKMARK [1][-]{section.9.2}{\376\377\000Q\000u\000a\000d\000r\000a\000t\000u\000r\000e\000,\000\040\000A\000d\000a\000p\000t\000i\000v\000e\000,\000\040\000G\000e\000n\000e\000r\000a\000l\000-\000p\000u\000r\000p\000o\000s\000e\000,\000\040\000I\000n\000f\000i\000n\000i\000t\000e\000\040\000i\000n\000t\000e\000r\000v\000a\000l\000\040\000\050\000Q\000A\000G\000I\000\051}{chapter.9}% 56
\BOOKMARK [1][-]{section.9.3}{\376\377\000V\000e\000l\000o\000c\000i\000t\000y\000\040\000V\000e\000r\000l\000e\000t\000\040\000A\000l\000g\000o\000r\000i\000t\000h\000m}{chapter.9}% 57
\BOOKMARK [1][-]{section.9.4}{\376\377\000B\000a\000r\000n\000e\000s\000-\000H\000u\000t\000\040\000A\000l\000g\000o\000r\000i\000t\000h\000m\000\040\000\050\000B\000H\000\051}{chapter.9}% 58
\BOOKMARK [0][-]{chapter.10}{\376\377\000C\000o\000o\000r\000d\000i\000n\000a\000t\000e\000\040\000S\000y\000s\000t\000e\000m\000s}{}% 59
\BOOKMARK [1][-]{section.10.1}{\376\377\000G\000a\000l\000a\000c\000t\000o\000c\000e\000n\000t\000r\000i\000c\000\040\000C\000a\000r\000t\000e\000s\000i\000a\000n\000\040\000\050\000G\000C\000A\000\051}{chapter.10}% 60
\BOOKMARK [1][-]{section.10.2}{\376\377\000G\000a\000l\000a\000c\000t\000o\000c\000e\000n\000t\000r\000i\000c\000\040\000P\000o\000l\000a\000r\000\040\000\050\000G\000C\000P\000\051}{chapter.10}% 61
\BOOKMARK [1][-]{section.10.3}{\376\377\000L\000o\000c\000a\000l\000\040\000S\000t\000a\000n\000d\000a\000r\000d\000\040\000o\000f\000\040\000R\000e\000s\000t\000\040\000\050\000L\000S\000R\000\051}{chapter.10}% 62
\BOOKMARK [1][-]{section.10.4}{\376\377\000H\000e\000l\000i\000o\000c\000e\000n\000t\000r\000i\000c\000\040\000C\000a\000r\000t\000e\000s\000i\000a\000n\000\040\000\050\000H\000C\000A\000\051}{chapter.10}% 63
\BOOKMARK [1][-]{section.10.5}{\376\377\000H\000e\000l\000i\000o\000c\000e\000n\000t\000r\000i\000c\000\040\000G\000a\000l\000a\000c\000t\000i\000c\000\040\000P\000o\000l\000a\000r\000\040\000\050\000H\000G\000P\000\051}{chapter.10}% 64
\BOOKMARK [1][-]{section.10.6}{\376\377\000H\000e\000l\000i\000o\000c\000e\000n\000t\000r\000i\000c\000\040\000E\000q\000u\000a\000t\000o\000r\000i\000a\000l\000\040\000P\000o\000l\000a\000r\000\040\000\050\000H\000E\000Q\000\051}{chapter.10}% 65
\BOOKMARK [1][-]{section.10.7}{\376\377\000H\000e\000l\000i\000o\000c\000e\000n\000t\000r\000i\000c\000\040\000T\000e\000l\000e\000s\000c\000o\000p\000e\000\040\000P\000o\000l\000a\000r\000\040\000\050\000H\000T\000P\000\051}{chapter.10}% 66
\BOOKMARK [0][-]{chapter.11}{\376\377\000D\000a\000t\000a\000b\000a\000s\000e}{}% 67
\BOOKMARK [1][-]{section.11.1}{\376\377\000E\000n\000t\000i\000t\000y\000\040\000R\000e\000l\000a\000t\000i\000o\000n\000s\000h\000i\000p\000\040\000D\000i\000a\000g\000r\000a\000m}{chapter.11}% 68
\BOOKMARK [0][-]{chapter.12}{\376\377\000M\000o\000c\000k\000\040\000O\000b\000s\000e\000r\000v\000a\000t\000i\000o\000n\000s}{}% 69
\BOOKMARK [1][-]{section.12.1}{\376\377\000C\000r\000e\000a\000t\000i\000n\000g\000\040\000S\000o\000u\000r\000c\000e\000\040\000O\000b\000j\000e\000c\000t\000s}{chapter.12}% 70
\BOOKMARK [0][-]{chapter.13}{\376\377\000D\000a\000t\000a\000\040\000R\000e\000d\000u\000c\000t\000i\000o\000n}{}% 71
\BOOKMARK [1][-]{section.13.1}{\376\377\000D\000e\000t\000e\000c\000t\000i\000n\000g\000\040\000S\000t\000a\000r\000s}{chapter.13}% 72
\BOOKMARK [2][-]{subsection.13.1.1}{\376\377\000B\000a\000c\000k\000g\000r\000o\000u\000n\000d}{section.13.1}% 73
\BOOKMARK [2][-]{subsection.13.1.2}{\376\377\000M\000a\000s\000k\000i\000n\000g\000\040\000b\000r\000i\000g\000h\000t\000\040\000s\000t\000a\000r\000s}{section.13.1}% 74
\BOOKMARK [0][-]{chapter.14}{\376\377\000C\000l\000u\000s\000t\000e\000r\000\040\000a\000n\000a\000l\000y\000s\000i\000s}{}% 75
\BOOKMARK [1][-]{section.14.1}{\376\377\000V\000e\000l\000o\000c\000i\000t\000y\000\040\000a\000p\000p\000r\000o\000x\000i\000m\000a\000t\000i\000o\000n}{chapter.14}% 76
\BOOKMARK [1][-]{section.14.2}{\376\377\000D\000B\000S\000C\000A\000N}{chapter.14}% 77
\BOOKMARK [1][-]{section.14.3}{\376\377\000P\000e\000r\000f\000o\000r\000m\000a\000n\000c\000e}{chapter.14}% 78
\BOOKMARK [2][-]{subsection.14.3.1}{\376\377\000A\000c\000c\000u\000r\000a\000c\000y}{section.14.3}% 79
\BOOKMARK [2][-]{subsection.14.3.2}{\376\377\000P\000r\000e\000c\000i\000s\000i\000o\000n\000\040\000a\000n\000d\000\040\000R\000e\000c\000a\000l\000l}{section.14.3}% 80
\BOOKMARK [2][-]{subsection.14.3.3}{\376\377\000F\0001\000\040\000S\000c\000o\000r\000e}{section.14.3}% 81
\BOOKMARK [0][-]{chapter.15}{\376\377\000E\000x\000p\000e\000r\000i\000m\000e\000n\000t\000s}{}% 82
\BOOKMARK [1][-]{section.15.1}{\376\377\000P\000a\000r\000a\000m\000e\000t\000e\000r\000\040\000o\000p\000t\000i\000m\000i\000z\000a\000t\000i\000o\000n}{chapter.15}% 83
\BOOKMARK [1][-]{section.15.2}{\376\377\000S\000e\000t\000u\000p}{chapter.15}% 84
\BOOKMARK [2][-]{subsection.15.2.1}{\376\377\000P\000a\000r\000a\000m\000e\000t\000e\000r\000s}{section.15.2}% 85
\BOOKMARK [1][-]{section.15.3}{\376\377\000R\000e\000s\000u\000l\000t\000s\000\040\000a\000n\000d\000\040\000I\000n\000t\000e\000r\000p\000r\000e\000t\000a\000t\000i\000o\000n}{chapter.15}% 86
\BOOKMARK [0][-]{chapter.16}{\376\377\000C\000o\000n\000c\000l\000u\000s\000i\000o\000n\000s}{}% 87
\BOOKMARK [0][-]{chapter.17}{\376\377\000A\000p\000p\000e\000n\000d\000i\000x}{}% 88
\BOOKMARK [0][-]{chapter.18}{\376\377\000I\000n\000d\000i\000c\000e\000s\000\040\000a\000n\000d\000\040\000t\000a\000b\000l\000e\000s}{}% 89
\BOOKMARK [0][-]{chapter*.5}{\376\377\000B\000i\000b\000l\000i\000o\000g\000r\000a\000p\000h\000y}{}% 90
