\BOOKMARK [0][-]{chapter.1}{\376\377\000A\000b\000s\000t\000r\000a\000c\000t}{}% 1
\BOOKMARK [0][-]{chapter.2}{\376\377\000A\000c\000k\000n\000o\000w\000l\000e\000d\000g\000e\000m\000e\000n\000t}{}% 2
\BOOKMARK [0][-]{chapter.3}{\376\377\000I\000n\000t\000r\000o\000d\000u\000c\000t\000i\000o\000n}{}% 3
\BOOKMARK [-1][-]{part.1}{\376\377\000I\000\040\000M\000o\000d\000e\000l\000i\000n\000g\000\040\000T\000h\000e\000\040\000M\000i\000l\000k\000y\000\040\000W\000a\000y\000\040\000G\000a\000l\000a\000x\000y}{}% 4
\BOOKMARK [0][-]{chapter.4}{\376\377\000R\000e\000q\000u\000i\000r\000e\000d\000\040\000M\000e\000t\000h\000o\000d\000s}{part.1}% 5
\BOOKMARK [1][-]{section.4.1}{\376\377\000S\000a\000m\000p\000l\000i\000n\000g\000\040\000d\000i\000s\000t\000r\000i\000b\000u\000t\000i\000o\000n\000\040\000f\000u\000n\000c\000t\000i\000o\000n\000s}{chapter.4}% 6
\BOOKMARK [2][-]{subsection.4.1.1}{\376\377\000R\000e\000j\000e\000c\000t\000i\000o\000n\000\040\000s\000a\000m\000p\000l\000i\000n\000g}{section.4.1}% 7
\BOOKMARK [2][-]{subsection.4.1.2}{\376\377\000I\000n\000v\000e\000r\000s\000e\000\040\000t\000r\000a\000n\000s\000f\000o\000r\000m\000\040\000s\000a\000m\000p\000l\000i\000n\000g}{section.4.1}% 8
\BOOKMARK [1][-]{section.4.2}{\376\377\000I\000n\000t\000e\000g\000r\000a\000t\000i\000o\000n\000\040\000t\000e\000c\000h\000n\000i\000q\000u\000e\000s}{chapter.4}% 9
\BOOKMARK [2][-]{subsection.4.2.1}{\376\377\000Q\000u\000a\000d\000r\000a\000t\000u\000r\000e\000,\000\040\000A\000d\000a\000p\000t\000i\000v\000e\000,\000\040\000G\000e\000n\000e\000r\000a\000l\000-\000p\000u\000r\000p\000o\000s\000e\000\040\000\050\000Q\000A\000G\000\051}{section.4.2}% 10
\BOOKMARK [2][-]{subsection.4.2.2}{\376\377\000Q\000u\000a\000d\000r\000a\000t\000u\000r\000e\000,\000\040\000A\000d\000a\000p\000t\000i\000v\000e\000,\000\040\000G\000e\000n\000e\000r\000a\000l\000-\000p\000u\000r\000p\000o\000s\000e\000,\000\040\000I\000n\000f\000i\000n\000i\000t\000e\000\040\000i\000n\000t\000e\000r\000v\000a\000l\000\040\000\050\000Q\000A\000G\000I\000\051}{section.4.2}% 11
\BOOKMARK [2][-]{subsection.4.2.3}{\376\377\000V\000e\000l\000o\000c\000i\000t\000y\000\040\000V\000e\000r\000l\000e\000t\000\040\000A\000l\000g\000o\000r\000i\000t\000h\000m}{section.4.2}% 12
\BOOKMARK [2][-]{subsection.4.2.4}{\376\377\000B\000a\000r\000n\000e\000s\000-\000H\000u\000t\000\040\000A\000l\000g\000o\000r\000i\000t\000h\000m\000\040\000\050\000B\000H\000\051}{section.4.2}% 13
\BOOKMARK [0][-]{chapter.5}{\376\377\000S\000t\000a\000r\000\040\000c\000l\000u\000s\000t\000e\000r\000s}{part.1}% 14
\BOOKMARK [1][-]{section.5.1}{\376\377\000I\000n\000i\000t\000i\000a\000l\000\040\000M\000a\000s\000s\000\040\000F\000u\000n\000c\000t\000i\000o\000n\000\040\000\050\000I\000M\000F\000\051}{chapter.5}% 15
\BOOKMARK [2][-]{subsection.5.1.1}{\376\377\000S\000a\000l\000p\000e\000t\000e\000r\000\040\000I\000M\000F}{section.5.1}% 16
\BOOKMARK [2][-]{subsection.5.1.2}{\376\377\000B\000r\000o\000k\000e\000n\000\040\000P\000o\000w\000e\000r\000\040\000L\000a\000w\000\040\000\050\000B\000P\000L\000\051}{section.5.1}% 17
\BOOKMARK [1][-]{section.5.2}{\376\377\000D\000e\000n\000s\000i\000t\000y\000\040\000P\000r\000o\000f\000i\000l\000e}{chapter.5}% 18
\BOOKMARK [0][-]{chapter.6}{\376\377\000T\000h\000e\000\040\000M\000i\000l\000k\000y\000\040\000W\000a\000y\000\040\000m\000o\000d\000e\000l}{part.1}% 19
\BOOKMARK [1][-]{section.6.1}{\376\377\000G\000a\000l\000a\000c\000t\000i\000c\000\040\000P\000o\000t\000e\000n\000t\000i\000a\000l}{chapter.6}% 20
\BOOKMARK [2][-]{subsection.6.1.1}{\376\377\000C\000i\000r\000c\000u\000l\000a\000r\000\040\000V\000e\000l\000o\000c\000i\000t\000y}{section.6.1}% 21
\BOOKMARK [2][-]{subsection.6.1.2}{\376\377\000A\000n\000g\000u\000l\000a\000r\000\040\000V\000e\000l\000o\000c\000i\000t\000y}{section.6.1}% 22
\BOOKMARK [2][-]{subsection.6.1.3}{\376\377\000M\000a\000s\000s\000\040\000D\000i\000s\000t\000r\000i\000b\000u\000t\000i\000o\000n}{section.6.1}% 23
\BOOKMARK [2][-]{subsection.6.1.4}{\376\377\000S\000u\000r\000f\000a\000c\000e\000\040\000M\000a\000s\000s\000\040\000D\000e\000n\000s\000i\000t\000y}{section.6.1}% 24
\BOOKMARK [1][-]{section.6.2}{\376\377\000F\000i\000e\000l\000d\000\040\000S\000t\000a\000r\000s\000\040\000\050\000F\000S\000\051}{chapter.6}% 25
\BOOKMARK [2][-]{subsection.6.2.1}{\376\377\000B\000u\000l\000g\000e\000\040\000S\000t\000e\000l\000l\000a\000r\000\040\000M\000a\000s\000s\000\040\000F\000u\000n\000c\000t\000i\000o\000n}{section.6.2}% 26
\BOOKMARK [2][-]{subsection.6.2.2}{\376\377\000D\000i\000s\000k\000\040\000S\000t\000e\000l\000l\000a\000r\000\040\000M\000a\000s\000s\000\040\000F\000u\000n\000c\000t\000i\000o\000n}{section.6.2}% 27
\BOOKMARK [2][-]{subsection.6.2.3}{\376\377\000P\000o\000s\000i\000t\000i\000o\000n\000s}{section.6.2}% 28
\BOOKMARK [2][-]{subsection.6.2.4}{\376\377\000V\000e\000l\000o\000c\000i\000t\000i\000e\000s}{section.6.2}% 29
\BOOKMARK [3][-]{subsubsection*.3}{\376\377\000P\000a\000r\000t\000i\000c\000l\000e\000\040\000K\000i\000n\000e\000m\000a\000t\000i\000c\000s\000\040\000i\000n\000\040\000C\000y\000l\000i\000n\000d\000r\000i\000c\000a\000l\000\040\000C\000o\000o\000r\000d\000i\000n\000a\000t\000e\000s}{subsection.6.2.4}% 30
\BOOKMARK [3][-]{subsubsection*.4}{\376\377\000L\000a\000g\000r\000a\000n\000g\000i\000a\000n\000\040\000w\000i\000t\000h\000\040\000a\000x\000i\000s\000y\000m\000m\000e\000t\000r\000i\000c\000\040\000p\000o\000t\000e\000n\000t\000i\000a\000l}{subsection.6.2.4}% 31
\BOOKMARK [3][-]{subsubsection*.5}{\376\377\000H\000a\000m\000i\000l\000t\000o\000n\000i\000a\000n\000\040\000w\000i\000t\000h\000\040\000a\000x\000i\000s\000y\000m\000m\000e\000t\000r\000i\000c\000\040\000p\000o\000t\000e\000n\000t\000i\000a\000l}{subsection.6.2.4}% 32
\BOOKMARK [3][-]{subsubsection*.6}{\376\377\000T\000h\000e\000\040\000p\000h\000a\000s\000e\000\040\000s\000p\000a\000c\000e\000\040\000d\000i\000s\000t\000r\000i\000b\000u\000t\000i\000o\000n\000\040\000f\000u\000n\000c\000t\000i\000o\000n\000\040\000\050\000D\000F\000\051}{subsection.6.2.4}% 33
\BOOKMARK [3][-]{subsubsection*.7}{\376\377\000J\000e\000a\000n\000s\000\040\000e\000q\000u\000a\000t\000i\000o\000n\000s}{subsection.6.2.4}% 34
\BOOKMARK [3][-]{subsubsection*.8}{\376\377\000T\000h\000e\000\040\000E\000p\000i\000c\000y\000c\000l\000i\000c\000\040\000A\000p\000p\000r\000o\000x\000i\000m\000a\000t\000i\000o\000n}{subsection.6.2.4}% 35
\BOOKMARK [3][-]{subsubsection*.9}{\376\377\000D\000i\000s\000k}{subsection.6.2.4}% 36
\BOOKMARK [3][-]{subsubsection*.10}{\376\377\000B\000u\000l\000g\000e}{subsection.6.2.4}% 37
\BOOKMARK [0][-]{chapter.7}{\376\377\000D\000a\000t\000a\000\040\000s\000t\000o\000r\000a\000g\000e}{part.1}% 38
\BOOKMARK [1][-]{section.7.1}{\376\377\000E\000n\000t\000i\000t\000y\000\040\000R\000e\000l\000a\000t\000i\000o\000n\000s\000h\000i\000p\000\040\000D\000i\000a\000g\000r\000a\000m}{chapter.7}% 39
\BOOKMARK [0][-]{chapter.8}{\376\377\000S\000u\000m\000m\000a\000r\000y\000\040\000o\000f\000\040\000P\000a\000r\000t\000\040\000I}{part.1}% 40
\BOOKMARK [-1][-]{part.2}{\376\377\000I\000I\000\040\000O\000b\000s\000e\000r\000v\000i\000n\000g\000\040\000T\000h\000e\000\040\000M\000i\000l\000k\000y\000\040\000W\000a\000y\000\040\000G\000a\000l\000a\000x\000y}{}% 41
\BOOKMARK [0][-]{chapter.9}{\376\377\000C\000o\000o\000r\000d\000i\000n\000a\000t\000e\000\040\000S\000y\000s\000t\000e\000m\000s}{part.2}% 42
\BOOKMARK [1][-]{section.9.1}{\376\377\000G\000a\000l\000a\000c\000t\000o\000c\000e\000n\000t\000r\000i\000c\000\040\000C\000a\000r\000t\000e\000s\000i\000a\000n\000\040\000\050\000G\000C\000A\000\051}{chapter.9}% 43
\BOOKMARK [1][-]{section.9.2}{\376\377\000G\000a\000l\000a\000c\000t\000o\000c\000e\000n\000t\000r\000i\000c\000\040\000P\000o\000l\000a\000r\000\040\000\050\000G\000C\000P\000\051}{chapter.9}% 44
\BOOKMARK [1][-]{section.9.3}{\376\377\000L\000o\000c\000a\000l\000\040\000S\000t\000a\000n\000d\000a\000r\000d\000\040\000o\000f\000\040\000R\000e\000s\000t\000\040\000\050\000L\000S\000R\000\051}{chapter.9}% 45
\BOOKMARK [1][-]{section.9.4}{\376\377\000H\000e\000l\000i\000o\000c\000e\000n\000t\000r\000i\000c\000\040\000C\000a\000r\000t\000e\000s\000i\000a\000n\000\040\000\050\000H\000C\000A\000\051}{chapter.9}% 46
\BOOKMARK [1][-]{section.9.5}{\376\377\000H\000e\000l\000i\000o\000c\000e\000n\000t\000r\000i\000c\000\040\000G\000a\000l\000a\000c\000t\000i\000c\000\040\000P\000o\000l\000a\000r\000\040\000\050\000H\000G\000P\000\051}{chapter.9}% 47
\BOOKMARK [1][-]{section.9.6}{\376\377\000H\000e\000l\000i\000o\000c\000e\000n\000t\000r\000i\000c\000\040\000E\000q\000u\000a\000t\000o\000r\000i\000a\000l\000\040\000P\000o\000l\000a\000r\000\040\000\050\000H\000E\000Q\000\051}{chapter.9}% 48
\BOOKMARK [1][-]{section.9.7}{\376\377\000H\000e\000l\000i\000o\000c\000e\000n\000t\000r\000i\000c\000\040\000T\000e\000l\000e\000s\000c\000o\000p\000e\000\040\000P\000o\000l\000a\000r\000\040\000\050\000H\000T\000P\000\051}{chapter.9}% 49
\BOOKMARK [0][-]{chapter.10}{\376\377\000M\000o\000c\000k\000\040\000O\000b\000s\000e\000r\000v\000a\000t\000i\000o\000n\000s\000\040\000w\000i\000t\000h\000\040\000S\000c\000o\000p\000e\000S\000i\000m}{part.2}% 50
\BOOKMARK [1][-]{section.10.1}{\376\377\000C\000r\000e\000a\000t\000i\000n\000g\000\040\000S\000o\000u\000r\000c\000e\000\040\000O\000b\000j\000e\000c\000t\000s}{chapter.10}% 51
\BOOKMARK [1][-]{section.10.2}{\376\377\000S\000n\000a\000p\000s\000h\000o\000t\000s}{chapter.10}% 52
\BOOKMARK [0][-]{chapter.11}{\376\377\000D\000a\000t\000a\000\040\000R\000e\000d\000u\000c\000t\000i\000o\000n}{part.2}% 53
\BOOKMARK [1][-]{section.11.1}{\376\377\000D\000e\000t\000e\000c\000t\000i\000n\000g\000\040\000S\000t\000a\000r\000s}{chapter.11}% 54
\BOOKMARK [2][-]{subsection.11.1.1}{\376\377\000B\000a\000c\000k\000g\000r\000o\000u\000n\000d}{section.11.1}% 55
\BOOKMARK [2][-]{subsection.11.1.2}{\376\377\000M\000a\000s\000k\000i\000n\000g\000\040\000b\000r\000i\000g\000h\000t\000\040\000s\000t\000a\000r\000s}{section.11.1}% 56
\BOOKMARK [0][-]{chapter.12}{\376\377\000C\000l\000u\000s\000t\000e\000r\000\040\000a\000n\000a\000l\000y\000s\000i\000s}{part.2}% 57
\BOOKMARK [1][-]{section.12.1}{\376\377\000V\000e\000l\000o\000c\000i\000t\000y\000\040\000a\000p\000p\000r\000o\000x\000i\000m\000a\000t\000i\000o\000n}{chapter.12}% 58
\BOOKMARK [1][-]{section.12.2}{\376\377\000D\000B\000S\000C\000A\000N}{chapter.12}% 59
\BOOKMARK [1][-]{section.12.3}{\376\377\000P\000e\000r\000f\000o\000r\000m\000a\000n\000c\000e}{chapter.12}% 60
\BOOKMARK [2][-]{subsection.12.3.1}{\376\377\000A\000c\000c\000u\000r\000a\000c\000y}{section.12.3}% 61
\BOOKMARK [2][-]{subsection.12.3.2}{\376\377\000P\000r\000e\000c\000i\000s\000i\000o\000n\000\040\000a\000n\000d\000\040\000R\000e\000c\000a\000l\000l}{section.12.3}% 62
\BOOKMARK [2][-]{subsection.12.3.3}{\376\377\000F\0001\000\040\000S\000c\000o\000r\000e}{section.12.3}% 63
\BOOKMARK [0][-]{chapter.13}{\376\377\000E\000x\000p\000e\000r\000i\000m\000e\000n\000t\000s}{part.2}% 64
\BOOKMARK [1][-]{section.13.1}{\376\377\000P\000a\000r\000a\000m\000e\000t\000e\000r\000\040\000o\000p\000t\000i\000m\000i\000z\000a\000t\000i\000o\000n}{chapter.13}% 65
\BOOKMARK [1][-]{section.13.2}{\376\377\000S\000e\000t\000u\000p}{chapter.13}% 66
\BOOKMARK [2][-]{subsection.13.2.1}{\376\377\000P\000a\000r\000a\000m\000e\000t\000e\000r\000s}{section.13.2}% 67
\BOOKMARK [1][-]{section.13.3}{\376\377\000R\000e\000s\000u\000l\000t\000s\000\040\000a\000n\000d\000\040\000I\000n\000t\000e\000r\000p\000r\000e\000t\000a\000t\000i\000o\000n}{chapter.13}% 68
\BOOKMARK [0][-]{chapter.14}{\376\377\000C\000o\000n\000c\000l\000u\000s\000i\000o\000n\000s}{part.2}% 69
\BOOKMARK [0][-]{chapter.15}{\376\377\000A\000p\000p\000e\000n\000d\000i\000x}{part.2}% 70
\BOOKMARK [0][-]{chapter.16}{\376\377\000I\000n\000d\000i\000c\000e\000s\000\040\000a\000n\000d\000\040\000t\000a\000b\000l\000e\000s}{part.2}% 71
\BOOKMARK [0][-]{chapter*.11}{\376\377\000B\000i\000b\000l\000i\000o\000g\000r\000a\000p\000h\000y}{part.2}% 72
